{"/home/raphael/Cursos/node/contactManagement/src/api.js": {"path":"/home/raphael/Cursos/node/contactManagement/src/api.js","statementMap":{"0":{"start":{"line":1,"column":16},"end":{"line":1,"column":34}},"1":{"start":{"line":2,"column":19},"end":{"line":2,"column":41}},"2":{"start":{"line":3,"column":13},"end":{"line":3,"column":28}},"3":{"start":{"line":4,"column":0},"end":{"line":4,"column":23}},"4":{"start":{"line":6,"column":0},"end":{"line":8,"column":2}},"5":{"start":{"line":12,"column":2},"end":{"line":12,"column":27}},"6":{"start":{"line":14,"column":2},"end":{"line":14,"column":21}},"7":{"start":{"line":15,"column":2},"end":{"line":15,"column":16}},"8":{"start":{"line":19,"column":20},"end":{"line":21,"column":3}},"9":{"start":{"line":23,"column":2},"end":{"line":23,"column":38}},"10":{"start":{"line":24,"column":2},"end":{"line":24,"column":38}},"11":{"start":{"line":25,"column":2},"end":{"line":25,"column":62}},"12":{"start":{"line":29,"column":2},"end":{"line":29,"column":40}},"13":{"start":{"line":33,"column":0},"end":{"line":33,"column":45}}},"fnMap":{"0":{"name":"(anonymous_0)","decl":{"start":{"line":11,"column":1},"end":{"line":11,"column":2}},"loc":{"start":{"line":11,"column":15},"end":{"line":16,"column":2}},"line":11},"1":{"name":"(anonymous_1)","decl":{"start":{"line":18,"column":1},"end":{"line":18,"column":2}},"loc":{"start":{"line":18,"column":15},"end":{"line":26,"column":2}},"line":18},"2":{"name":"(anonymous_2)","decl":{"start":{"line":28,"column":1},"end":{"line":28,"column":2}},"loc":{"start":{"line":28,"column":10},"end":{"line":30,"column":2}},"line":28}},"branchMap":{"0":{"loc":{"start":{"line":7,"column":7},"end":{"line":7,"column":61}},"type":"cond-expr","locations":[{"start":{"line":7,"column":41},"end":{"line":7,"column":52}},{"start":{"line":7,"column":55},"end":{"line":7,"column":61}}],"line":7}},"s":{"0":3,"1":3,"2":3,"3":3,"4":3,"5":3,"6":3,"7":3,"8":3,"9":3,"10":3,"11":3,"12":3,"13":3},"f":{"0":3,"1":3,"2":3},"b":{"0":[3,0]},"_coverageSchema":"1a1c01bbd47fc00a2c39e90264f33305004495a9","hash":"1ba7b8c0afe602c5840fe4db5d311b366d5a8234"}
,"/home/raphael/Cursos/node/contactManagement/src/routes.js": {"path":"/home/raphael/Cursos/node/contactManagement/src/routes.js","statementMap":{"0":{"start":{"line":1,"column":15},"end":{"line":1,"column":42}},"1":{"start":{"line":3,"column":26},"end":{"line":3,"column":72}},"2":{"start":{"line":4,"column":23},"end":{"line":4,"column":66}},"3":{"start":{"line":5,"column":26},"end":{"line":5,"column":72}},"4":{"start":{"line":6,"column":26},"end":{"line":6,"column":72}},"5":{"start":{"line":7,"column":27},"end":{"line":7,"column":74}},"6":{"start":{"line":8,"column":25},"end":{"line":8,"column":70}},"7":{"start":{"line":9,"column":24},"end":{"line":9,"column":68}},"8":{"start":{"line":11,"column":0},"end":{"line":11,"column":50}},"9":{"start":{"line":12,"column":0},"end":{"line":12,"column":51}},"10":{"start":{"line":13,"column":0},"end":{"line":13,"column":78}},"11":{"start":{"line":14,"column":0},"end":{"line":14,"column":84}},"12":{"start":{"line":16,"column":0},"end":{"line":16,"column":44}},"13":{"start":{"line":17,"column":0},"end":{"line":17,"column":45}},"14":{"start":{"line":18,"column":0},"end":{"line":18,"column":53}},"15":{"start":{"line":19,"column":0},"end":{"line":19,"column":72}},"16":{"start":{"line":21,"column":0},"end":{"line":21,"column":50}},"17":{"start":{"line":22,"column":0},"end":{"line":22,"column":82}},"18":{"start":{"line":24,"column":0},"end":{"line":24,"column":50}},"19":{"start":{"line":25,"column":0},"end":{"line":25,"column":51}},"20":{"start":{"line":26,"column":0},"end":{"line":26,"column":59}},"21":{"start":{"line":28,"column":0},"end":{"line":28,"column":52}},"22":{"start":{"line":29,"column":0},"end":{"line":29,"column":52}},"23":{"start":{"line":30,"column":0},"end":{"line":30,"column":68}},"24":{"start":{"line":32,"column":0},"end":{"line":32,"column":48}},"25":{"start":{"line":33,"column":0},"end":{"line":33,"column":47}},"26":{"start":{"line":34,"column":0},"end":{"line":34,"column":57}},"27":{"start":{"line":36,"column":0},"end":{"line":36,"column":46}},"28":{"start":{"line":37,"column":0},"end":{"line":37,"column":46}},"29":{"start":{"line":38,"column":0},"end":{"line":38,"column":55}},"30":{"start":{"line":39,"column":0},"end":{"line":39,"column":79}},"31":{"start":{"line":41,"column":0},"end":{"line":41,"column":24}}},"fnMap":{},"branchMap":{},"s":{"0":3,"1":3,"2":3,"3":3,"4":3,"5":3,"6":3,"7":3,"8":3,"9":3,"10":3,"11":3,"12":3,"13":3,"14":3,"15":3,"16":3,"17":3,"18":3,"19":3,"20":3,"21":3,"22":3,"23":3,"24":3,"25":3,"26":3,"27":3,"28":3,"29":3,"30":3,"31":3},"f":{},"b":{},"_coverageSchema":"1a1c01bbd47fc00a2c39e90264f33305004495a9","hash":"4576cd7eb7e6e6d144ef9bc108ca2eb1e51c433e"}
,"/home/raphael/Cursos/node/contactManagement/src/server.js": {"path":"/home/raphael/Cursos/node/contactManagement/src/server.js","statementMap":{"0":{"start":{"line":1,"column":12},"end":{"line":1,"column":28}},"1":{"start":{"line":3,"column":13},"end":{"line":3,"column":37}},"2":{"start":{"line":4,"column":0},"end":{"line":4,"column":74}},"3":{"start":{"line":4,"column":23},"end":{"line":4,"column":72}}},"fnMap":{"0":{"name":"(anonymous_0)","decl":{"start":{"line":4,"column":17},"end":{"line":4,"column":18}},"loc":{"start":{"line":4,"column":23},"end":{"line":4,"column":72}},"line":4}},"branchMap":{"0":{"loc":{"start":{"line":3,"column":13},"end":{"line":3,"column":37}},"type":"binary-expr","locations":[{"start":{"line":3,"column":13},"end":{"line":3,"column":29}},{"start":{"line":3,"column":33},"end":{"line":3,"column":37}}],"line":3}},"s":{"0":0,"1":0,"2":0,"3":0},"f":{"0":0},"b":{"0":[0,0]}}
,"/home/raphael/Cursos/node/contactManagement/src/api/controllers/AddressController.js": {"path":"/home/raphael/Cursos/node/contactManagement/src/api/controllers/AddressController.js","statementMap":{"0":{"start":{"line":1,"column":16},"end":{"line":1,"column":44}},"1":{"start":{"line":2,"column":13},"end":{"line":2,"column":38}},"2":{"start":{"line":3,"column":15},"end":{"line":3,"column":42}},"3":{"start":{"line":7,"column":18},"end":{"line":7,"column":48}},"4":{"start":{"line":9,"column":2},"end":{"line":9,"column":27}},"5":{"start":{"line":13,"column":20},"end":{"line":13,"column":43}},"6":{"start":{"line":15,"column":2},"end":{"line":15,"column":29}},"7":{"start":{"line":19,"column":23},"end":{"line":19,"column":33}},"8":{"start":{"line":21,"column":17},"end":{"line":24,"column":4}},"9":{"start":{"line":26,"column":2},"end":{"line":26,"column":42}},"10":{"start":{"line":30,"column":21},"end":{"line":30,"column":31}},"11":{"start":{"line":32,"column":15},"end":{"line":35,"column":4}},"12":{"start":{"line":37,"column":2},"end":{"line":37,"column":38}},"13":{"start":{"line":41,"column":0},"end":{"line":41,"column":41}}},"fnMap":{"0":{"name":"(anonymous_0)","decl":{"start":{"line":6,"column":1},"end":{"line":6,"column":2}},"loc":{"start":{"line":6,"column":24},"end":{"line":10,"column":2}},"line":6},"1":{"name":"(anonymous_1)","decl":{"start":{"line":12,"column":1},"end":{"line":12,"column":2}},"loc":{"start":{"line":12,"column":24},"end":{"line":16,"column":2}},"line":12},"2":{"name":"(anonymous_2)","decl":{"start":{"line":18,"column":1},"end":{"line":18,"column":2}},"loc":{"start":{"line":18,"column":40},"end":{"line":27,"column":2}},"line":18},"3":{"name":"(anonymous_3)","decl":{"start":{"line":29,"column":1},"end":{"line":29,"column":2}},"loc":{"start":{"line":29,"column":38},"end":{"line":38,"column":2}},"line":29}},"branchMap":{},"s":{"0":3,"1":3,"2":3,"3":3,"4":3,"5":1,"6":1,"7":0,"8":0,"9":0,"10":1,"11":1,"12":1,"13":3},"f":{"0":3,"1":1,"2":0,"3":1},"b":{},"_coverageSchema":"1a1c01bbd47fc00a2c39e90264f33305004495a9","hash":"25c1dbb22c1f453e55de5ebf055df33496f4a7f8"}
,"/home/raphael/Cursos/node/contactManagement/src/api/controllers/CityController.js": {"path":"/home/raphael/Cursos/node/contactManagement/src/api/controllers/CityController.js","statementMap":{"0":{"start":{"line":1,"column":13},"end":{"line":1,"column":38}},"1":{"start":{"line":2,"column":14},"end":{"line":2,"column":40}},"2":{"start":{"line":6,"column":15},"end":{"line":6,"column":42}},"3":{"start":{"line":8,"column":2},"end":{"line":8,"column":24}},"4":{"start":{"line":12,"column":17},"end":{"line":12,"column":65}},"5":{"start":{"line":14,"column":2},"end":{"line":14,"column":26}},"6":{"start":{"line":18,"column":22},"end":{"line":18,"column":32}},"7":{"start":{"line":20,"column":16},"end":{"line":23,"column":4}},"8":{"start":{"line":25,"column":2},"end":{"line":25,"column":37}},"9":{"start":{"line":29,"column":19},"end":{"line":29,"column":29}},"10":{"start":{"line":30,"column":15},"end":{"line":30,"column":60}},"11":{"start":{"line":32,"column":2},"end":{"line":32,"column":24}},"12":{"start":{"line":36,"column":0},"end":{"line":36,"column":38}}},"fnMap":{"0":{"name":"(anonymous_0)","decl":{"start":{"line":5,"column":1},"end":{"line":5,"column":2}},"loc":{"start":{"line":5,"column":24},"end":{"line":9,"column":2}},"line":5},"1":{"name":"(anonymous_1)","decl":{"start":{"line":11,"column":1},"end":{"line":11,"column":2}},"loc":{"start":{"line":11,"column":24},"end":{"line":15,"column":2}},"line":11},"2":{"name":"(anonymous_2)","decl":{"start":{"line":17,"column":1},"end":{"line":17,"column":2}},"loc":{"start":{"line":17,"column":36},"end":{"line":26,"column":2}},"line":17},"3":{"name":"(anonymous_3)","decl":{"start":{"line":28,"column":1},"end":{"line":28,"column":2}},"loc":{"start":{"line":28,"column":28},"end":{"line":33,"column":2}},"line":28}},"branchMap":{},"s":{"0":3,"1":3,"2":4,"3":3,"4":0,"5":0,"6":0,"7":0,"8":0,"9":2,"10":2,"11":2,"12":3},"f":{"0":4,"1":0,"2":0,"3":2},"b":{},"_coverageSchema":"1a1c01bbd47fc00a2c39e90264f33305004495a9","hash":"d433edeeb6cd0f3376bc96a1c563e4555b0c60ed"}
,"/home/raphael/Cursos/node/contactManagement/src/api/controllers/ContactController.js": {"path":"/home/raphael/Cursos/node/contactManagement/src/api/controllers/ContactController.js","statementMap":{"0":{"start":{"line":1,"column":16},"end":{"line":1,"column":44}},"1":{"start":{"line":2,"column":15},"end":{"line":2,"column":42}},"2":{"start":{"line":6,"column":24},"end":{"line":6,"column":54}},"3":{"start":{"line":8,"column":8},"end":{"line":8,"column":33}},"4":{"start":{"line":12,"column":29},"end":{"line":12,"column":39}},"5":{"start":{"line":14,"column":17},"end":{"line":17,"column":10}},"6":{"start":{"line":19,"column":8},"end":{"line":19,"column":32}},"7":{"start":{"line":23,"column":0},"end":{"line":23,"column":41}}},"fnMap":{"0":{"name":"(anonymous_0)","decl":{"start":{"line":5,"column":4},"end":{"line":5,"column":5}},"loc":{"start":{"line":5,"column":27},"end":{"line":9,"column":5}},"line":5},"1":{"name":"(anonymous_1)","decl":{"start":{"line":11,"column":4},"end":{"line":11,"column":5}},"loc":{"start":{"line":11,"column":42},"end":{"line":20,"column":5}},"line":11}},"branchMap":{},"s":{"0":3,"1":3,"2":0,"3":0,"4":0,"5":0,"6":0,"7":3},"f":{"0":0,"1":0},"b":{},"_coverageSchema":"1a1c01bbd47fc00a2c39e90264f33305004495a9","hash":"6d9f4a6eb1bd2889a02128a4ff7547405a720430"}
,"/home/raphael/Cursos/node/contactManagement/src/api/controllers/CountryController.js": {"path":"/home/raphael/Cursos/node/contactManagement/src/api/controllers/CountryController.js","statementMap":{"0":{"start":{"line":1,"column":16},"end":{"line":1,"column":44}},"1":{"start":{"line":5,"column":18},"end":{"line":5,"column":48}},"2":{"start":{"line":7,"column":2},"end":{"line":7,"column":27}},"3":{"start":{"line":11,"column":20},"end":{"line":11,"column":71}},"4":{"start":{"line":13,"column":2},"end":{"line":13,"column":29}},"5":{"start":{"line":17,"column":19},"end":{"line":17,"column":29}},"6":{"start":{"line":18,"column":18},"end":{"line":18,"column":66}},"7":{"start":{"line":20,"column":2},"end":{"line":20,"column":27}},"8":{"start":{"line":24,"column":0},"end":{"line":24,"column":41}}},"fnMap":{"0":{"name":"(anonymous_0)","decl":{"start":{"line":4,"column":1},"end":{"line":4,"column":2}},"loc":{"start":{"line":4,"column":24},"end":{"line":8,"column":2}},"line":4},"1":{"name":"(anonymous_1)","decl":{"start":{"line":10,"column":1},"end":{"line":10,"column":2}},"loc":{"start":{"line":10,"column":24},"end":{"line":14,"column":2}},"line":10},"2":{"name":"(anonymous_2)","decl":{"start":{"line":16,"column":1},"end":{"line":16,"column":2}},"loc":{"start":{"line":16,"column":28},"end":{"line":21,"column":2}},"line":16}},"branchMap":{},"s":{"0":3,"1":19,"2":19,"3":0,"4":0,"5":1,"6":1,"7":1,"8":3},"f":{"0":19,"1":0,"2":1},"b":{},"_coverageSchema":"1a1c01bbd47fc00a2c39e90264f33305004495a9","hash":"905b3d5ebee38196148cb448eb4f511dd8aea90d"}
,"/home/raphael/Cursos/node/contactManagement/src/api/controllers/EmployeeController.js": {"path":"/home/raphael/Cursos/node/contactManagement/src/api/controllers/EmployeeController.js","statementMap":{"0":{"start":{"line":1,"column":15},"end":{"line":1,"column":42}},"1":{"start":{"line":2,"column":17},"end":{"line":2,"column":46}},"2":{"start":{"line":6,"column":2},"end":{"line":16,"column":3}},"3":{"start":{"line":7,"column":20},"end":{"line":7,"column":52}},"4":{"start":{"line":8,"column":20},"end":{"line":8,"column":77}},"5":{"start":{"line":10,"column":3},"end":{"line":11,"column":87}},"6":{"start":{"line":11,"column":4},"end":{"line":11,"column":87}},"7":{"start":{"line":13,"column":29},"end":{"line":13,"column":114}},"8":{"start":{"line":15,"column":3},"end":{"line":15,"column":38}},"9":{"start":{"line":18,"column":19},"end":{"line":18,"column":36}},"10":{"start":{"line":19,"column":19},"end":{"line":19,"column":76}},"11":{"start":{"line":21,"column":2},"end":{"line":22,"column":86}},"12":{"start":{"line":22,"column":3},"end":{"line":22,"column":86}},"13":{"start":{"line":24,"column":28},"end":{"line":24,"column":59}},"14":{"start":{"line":26,"column":2},"end":{"line":26,"column":37}},"15":{"start":{"line":30,"column":17},"end":{"line":36,"column":4}},"16":{"start":{"line":38,"column":2},"end":{"line":38,"column":26}},"17":{"start":{"line":42,"column":23},"end":{"line":42,"column":33}},"18":{"start":{"line":43,"column":19},"end":{"line":46,"column":4}},"19":{"start":{"line":48,"column":2},"end":{"line":48,"column":28}},"20":{"start":{"line":52,"column":0},"end":{"line":52,"column":42}}},"fnMap":{"0":{"name":"(anonymous_0)","decl":{"start":{"line":5,"column":1},"end":{"line":5,"column":2}},"loc":{"start":{"line":5,"column":24},"end":{"line":27,"column":2}},"line":5},"1":{"name":"(anonymous_1)","decl":{"start":{"line":29,"column":1},"end":{"line":29,"column":2}},"loc":{"start":{"line":29,"column":24},"end":{"line":39,"column":2}},"line":29},"2":{"name":"(anonymous_2)","decl":{"start":{"line":41,"column":1},"end":{"line":41,"column":2}},"loc":{"start":{"line":41,"column":31},"end":{"line":49,"column":2}},"line":41}},"branchMap":{"0":{"loc":{"start":{"line":6,"column":2},"end":{"line":16,"column":3}},"type":"if","locations":[{"start":{"line":6,"column":2},"end":{"line":16,"column":3}},{"start":{"line":6,"column":2},"end":{"line":16,"column":3}}],"line":6},"1":{"loc":{"start":{"line":10,"column":3},"end":{"line":11,"column":87}},"type":"if","locations":[{"start":{"line":10,"column":3},"end":{"line":11,"column":87}},{"start":{"line":10,"column":3},"end":{"line":11,"column":87}}],"line":10},"2":{"loc":{"start":{"line":21,"column":2},"end":{"line":22,"column":86}},"type":"if","locations":[{"start":{"line":21,"column":2},"end":{"line":22,"column":86}},{"start":{"line":21,"column":2},"end":{"line":22,"column":86}}],"line":21}},"s":{"0":3,"1":3,"2":14,"3":1,"4":1,"5":1,"6":0,"7":1,"8":1,"9":13,"10":13,"11":13,"12":0,"13":13,"14":13,"15":1,"16":1,"17":1,"18":1,"19":1,"20":3},"f":{"0":14,"1":1,"2":1},"b":{"0":[1,13],"1":[0,1],"2":[0,13]},"_coverageSchema":"1a1c01bbd47fc00a2c39e90264f33305004495a9","hash":"fcb5993c8d7e63683ddd9b8f554fc6d7f594ff78"}
,"/home/raphael/Cursos/node/contactManagement/src/api/controllers/PersonController.js": {"path":"/home/raphael/Cursos/node/contactManagement/src/api/controllers/PersonController.js","statementMap":{"0":{"start":{"line":1,"column":15},"end":{"line":1,"column":35}},"1":{"start":{"line":2,"column":15},"end":{"line":2,"column":42}},"2":{"start":{"line":6,"column":20},"end":{"line":6,"column":49}},"3":{"start":{"line":8,"column":2},"end":{"line":8,"column":29}},"4":{"start":{"line":12,"column":17},"end":{"line":12,"column":39}},"5":{"start":{"line":14,"column":2},"end":{"line":14,"column":26}},"6":{"start":{"line":18,"column":19},"end":{"line":18,"column":29}},"7":{"start":{"line":19,"column":18},"end":{"line":19,"column":68}},"8":{"start":{"line":20,"column":17},"end":{"line":23,"column":4}},"9":{"start":{"line":25,"column":2},"end":{"line":25,"column":26}},"10":{"start":{"line":29,"column":0},"end":{"line":29,"column":40}}},"fnMap":{"0":{"name":"(anonymous_0)","decl":{"start":{"line":5,"column":1},"end":{"line":5,"column":2}},"loc":{"start":{"line":5,"column":24},"end":{"line":9,"column":2}},"line":5},"1":{"name":"(anonymous_1)","decl":{"start":{"line":11,"column":1},"end":{"line":11,"column":2}},"loc":{"start":{"line":11,"column":24},"end":{"line":15,"column":2}},"line":11},"2":{"name":"(anonymous_2)","decl":{"start":{"line":17,"column":1},"end":{"line":17,"column":2}},"loc":{"start":{"line":17,"column":28},"end":{"line":26,"column":2}},"line":17}},"branchMap":{"0":{"loc":{"start":{"line":19,"column":18},"end":{"line":19,"column":68}},"type":"cond-expr","locations":[{"start":{"line":19,"column":25},"end":{"line":19,"column":61}},{"start":{"line":19,"column":64},"end":{"line":19,"column":68}}],"line":19}},"s":{"0":3,"1":3,"2":28,"3":28,"4":5,"5":5,"6":4,"7":4,"8":4,"9":4,"10":3},"f":{"0":28,"1":5,"2":4},"b":{"0":[4,0]},"_coverageSchema":"1a1c01bbd47fc00a2c39e90264f33305004495a9","hash":"db8039513a9e84edcd97b44bb1ee7cd5662e4cc5"}
,"/home/raphael/Cursos/node/contactManagement/src/api/controllers/StateController.js": {"path":"/home/raphael/Cursos/node/contactManagement/src/api/controllers/StateController.js","statementMap":{"0":{"start":{"line":1,"column":14},"end":{"line":1,"column":40}},"1":{"start":{"line":2,"column":16},"end":{"line":2,"column":44}},"2":{"start":{"line":6,"column":16},"end":{"line":6,"column":44}},"3":{"start":{"line":8,"column":2},"end":{"line":8,"column":25}},"4":{"start":{"line":12,"column":17},"end":{"line":12,"column":66}},"5":{"start":{"line":14,"column":2},"end":{"line":14,"column":26}},"6":{"start":{"line":18,"column":24},"end":{"line":18,"column":34}},"7":{"start":{"line":20,"column":18},"end":{"line":23,"column":4}},"8":{"start":{"line":25,"column":2},"end":{"line":25,"column":41}},"9":{"start":{"line":29,"column":19},"end":{"line":29,"column":29}},"10":{"start":{"line":30,"column":16},"end":{"line":30,"column":62}},"11":{"start":{"line":32,"column":2},"end":{"line":32,"column":25}},"12":{"start":{"line":36,"column":0},"end":{"line":36,"column":39}}},"fnMap":{"0":{"name":"(anonymous_0)","decl":{"start":{"line":5,"column":1},"end":{"line":5,"column":2}},"loc":{"start":{"line":5,"column":24},"end":{"line":9,"column":2}},"line":5},"1":{"name":"(anonymous_1)","decl":{"start":{"line":11,"column":1},"end":{"line":11,"column":2}},"loc":{"start":{"line":11,"column":24},"end":{"line":15,"column":2}},"line":11},"2":{"name":"(anonymous_2)","decl":{"start":{"line":17,"column":1},"end":{"line":17,"column":2}},"loc":{"start":{"line":17,"column":38},"end":{"line":26,"column":2}},"line":17},"3":{"name":"(anonymous_3)","decl":{"start":{"line":28,"column":1},"end":{"line":28,"column":2}},"loc":{"start":{"line":28,"column":28},"end":{"line":33,"column":2}},"line":28}},"branchMap":{},"s":{"0":3,"1":3,"2":11,"3":9,"4":1,"5":1,"6":0,"7":0,"8":0,"9":0,"10":0,"11":0,"12":3},"f":{"0":11,"1":1,"2":0,"3":0},"b":{},"_coverageSchema":"1a1c01bbd47fc00a2c39e90264f33305004495a9","hash":"5786e6a067db893e506bd91cf4c17243cbea66e6"}
,"/home/raphael/Cursos/node/contactManagement/src/api/models/Address.js": {"path":"/home/raphael/Cursos/node/contactManagement/src/api/models/Address.js","statementMap":{"0":{"start":{"line":1,"column":29},"end":{"line":1,"column":49}},"1":{"start":{"line":5,"column":2},"end":{"line":14,"column":5}},"2":{"start":{"line":18,"column":2},"end":{"line":18,"column":75}},"3":{"start":{"line":19,"column":2},"end":{"line":19,"column":80}},"4":{"start":{"line":23,"column":0},"end":{"line":23,"column":25}}},"fnMap":{"0":{"name":"(anonymous_0)","decl":{"start":{"line":4,"column":1},"end":{"line":4,"column":2}},"loc":{"start":{"line":4,"column":24},"end":{"line":15,"column":2}},"line":4},"1":{"name":"(anonymous_1)","decl":{"start":{"line":17,"column":1},"end":{"line":17,"column":2}},"loc":{"start":{"line":17,"column":26},"end":{"line":20,"column":2}},"line":17}},"branchMap":{},"s":{"0":3,"1":3,"2":3,"3":3,"4":3},"f":{"0":3,"1":3},"b":{},"_coverageSchema":"1a1c01bbd47fc00a2c39e90264f33305004495a9","hash":"08f9a04e5920319d6633ab8dfbbed8597ceb3433"}
,"/home/raphael/Cursos/node/contactManagement/src/api/models/City.js": {"path":"/home/raphael/Cursos/node/contactManagement/src/api/models/City.js","statementMap":{"0":{"start":{"line":1,"column":29},"end":{"line":1,"column":49}},"1":{"start":{"line":5,"column":2},"end":{"line":11,"column":5}},"2":{"start":{"line":15,"column":2},"end":{"line":15,"column":75}},"3":{"start":{"line":16,"column":2},"end":{"line":16,"column":78}},"4":{"start":{"line":20,"column":0},"end":{"line":20,"column":22}}},"fnMap":{"0":{"name":"(anonymous_0)","decl":{"start":{"line":4,"column":1},"end":{"line":4,"column":2}},"loc":{"start":{"line":4,"column":24},"end":{"line":12,"column":2}},"line":4},"1":{"name":"(anonymous_1)","decl":{"start":{"line":14,"column":1},"end":{"line":14,"column":2}},"loc":{"start":{"line":14,"column":26},"end":{"line":17,"column":2}},"line":14}},"branchMap":{},"s":{"0":3,"1":3,"2":3,"3":3,"4":3},"f":{"0":3,"1":3},"b":{},"_coverageSchema":"1a1c01bbd47fc00a2c39e90264f33305004495a9","hash":"d12b3a9e91f792ac3a940f328230743cb0930818"}
,"/home/raphael/Cursos/node/contactManagement/src/api/models/Contact.js": {"path":"/home/raphael/Cursos/node/contactManagement/src/api/models/Contact.js","statementMap":{"0":{"start":{"line":1,"column":29},"end":{"line":1,"column":49}},"1":{"start":{"line":5,"column":2},"end":{"line":14,"column":5}},"2":{"start":{"line":18,"column":2},"end":{"line":18,"column":81}},"3":{"start":{"line":22,"column":0},"end":{"line":22,"column":25}}},"fnMap":{"0":{"name":"(anonymous_0)","decl":{"start":{"line":4,"column":1},"end":{"line":4,"column":2}},"loc":{"start":{"line":4,"column":24},"end":{"line":15,"column":2}},"line":4},"1":{"name":"(anonymous_1)","decl":{"start":{"line":17,"column":1},"end":{"line":17,"column":2}},"loc":{"start":{"line":17,"column":26},"end":{"line":19,"column":2}},"line":17}},"branchMap":{},"s":{"0":3,"1":3,"2":3,"3":3},"f":{"0":3,"1":3},"b":{},"_coverageSchema":"1a1c01bbd47fc00a2c39e90264f33305004495a9","hash":"d29a759b991ed2477fd0fe41d445afceeab7df2f"}
,"/home/raphael/Cursos/node/contactManagement/src/api/models/Country.js": {"path":"/home/raphael/Cursos/node/contactManagement/src/api/models/Country.js","statementMap":{"0":{"start":{"line":1,"column":29},"end":{"line":1,"column":49}},"1":{"start":{"line":5,"column":2},"end":{"line":11,"column":5}},"2":{"start":{"line":15,"column":2},"end":{"line":15,"column":79}},"3":{"start":{"line":19,"column":0},"end":{"line":19,"column":25}}},"fnMap":{"0":{"name":"(anonymous_0)","decl":{"start":{"line":4,"column":1},"end":{"line":4,"column":2}},"loc":{"start":{"line":4,"column":24},"end":{"line":12,"column":2}},"line":4},"1":{"name":"(anonymous_1)","decl":{"start":{"line":14,"column":1},"end":{"line":14,"column":2}},"loc":{"start":{"line":14,"column":26},"end":{"line":16,"column":2}},"line":14}},"branchMap":{},"s":{"0":3,"1":3,"2":3,"3":3},"f":{"0":3,"1":3},"b":{},"_coverageSchema":"1a1c01bbd47fc00a2c39e90264f33305004495a9","hash":"c9536565187d884b722aaf078d81203a397ed66f"}
,"/home/raphael/Cursos/node/contactManagement/src/api/models/Employee.js": {"path":"/home/raphael/Cursos/node/contactManagement/src/api/models/Employee.js","statementMap":{"0":{"start":{"line":1,"column":29},"end":{"line":1,"column":49}},"1":{"start":{"line":2,"column":15},"end":{"line":2,"column":34}},"2":{"start":{"line":6,"column":8},"end":{"line":21,"column":11}},"3":{"start":{"line":18,"column":20},"end":{"line":18,"column":80}},"4":{"start":{"line":25,"column":8},"end":{"line":25,"column":87}},"5":{"start":{"line":29,"column":8},"end":{"line":29,"column":59}},"6":{"start":{"line":33,"column":0},"end":{"line":33,"column":26}}},"fnMap":{"0":{"name":"(anonymous_0)","decl":{"start":{"line":5,"column":4},"end":{"line":5,"column":5}},"loc":{"start":{"line":5,"column":27},"end":{"line":22,"column":5}},"line":5},"1":{"name":"(anonymous_1)","decl":{"start":{"line":17,"column":28},"end":{"line":17,"column":29}},"loc":{"start":{"line":17,"column":46},"end":{"line":19,"column":17}},"line":17},"2":{"name":"(anonymous_2)","decl":{"start":{"line":24,"column":4},"end":{"line":24,"column":5}},"loc":{"start":{"line":24,"column":29},"end":{"line":26,"column":5}},"line":24},"3":{"name":"(anonymous_3)","decl":{"start":{"line":28,"column":4},"end":{"line":28,"column":5}},"loc":{"start":{"line":28,"column":28},"end":{"line":30,"column":5}},"line":28}},"branchMap":{},"s":{"0":3,"1":3,"2":3,"3":0,"4":3,"5":0,"6":3},"f":{"0":3,"1":0,"2":3,"3":0},"b":{},"_coverageSchema":"1a1c01bbd47fc00a2c39e90264f33305004495a9","hash":"b4a743b8a600b5634a8ceb1f29ab0c39d96c619f"}
,"/home/raphael/Cursos/node/contactManagement/src/api/models/Person.js": {"path":"/home/raphael/Cursos/node/contactManagement/src/api/models/Person.js","statementMap":{"0":{"start":{"line":1,"column":29},"end":{"line":1,"column":49}},"1":{"start":{"line":5,"column":2},"end":{"line":12,"column":5}},"2":{"start":{"line":16,"column":2},"end":{"line":16,"column":82}},"3":{"start":{"line":17,"column":2},"end":{"line":17,"column":81}},"4":{"start":{"line":18,"column":2},"end":{"line":18,"column":81}},"5":{"start":{"line":22,"column":0},"end":{"line":22,"column":24}}},"fnMap":{"0":{"name":"(anonymous_0)","decl":{"start":{"line":4,"column":1},"end":{"line":4,"column":2}},"loc":{"start":{"line":4,"column":24},"end":{"line":13,"column":2}},"line":4},"1":{"name":"(anonymous_1)","decl":{"start":{"line":15,"column":1},"end":{"line":15,"column":2}},"loc":{"start":{"line":15,"column":26},"end":{"line":19,"column":2}},"line":15}},"branchMap":{},"s":{"0":3,"1":3,"2":3,"3":3,"4":3,"5":3},"f":{"0":3,"1":3},"b":{},"_coverageSchema":"1a1c01bbd47fc00a2c39e90264f33305004495a9","hash":"22c9db2832f5c1f20cd8d94dda4a1bb74ac58123"}
,"/home/raphael/Cursos/node/contactManagement/src/api/models/State.js": {"path":"/home/raphael/Cursos/node/contactManagement/src/api/models/State.js","statementMap":{"0":{"start":{"line":1,"column":29},"end":{"line":1,"column":49}},"1":{"start":{"line":5,"column":2},"end":{"line":11,"column":5}},"2":{"start":{"line":15,"column":2},"end":{"line":15,"column":82}},"3":{"start":{"line":16,"column":2},"end":{"line":16,"column":74}},"4":{"start":{"line":20,"column":0},"end":{"line":20,"column":23}}},"fnMap":{"0":{"name":"(anonymous_0)","decl":{"start":{"line":4,"column":1},"end":{"line":4,"column":2}},"loc":{"start":{"line":4,"column":24},"end":{"line":12,"column":2}},"line":4},"1":{"name":"(anonymous_1)","decl":{"start":{"line":14,"column":1},"end":{"line":14,"column":2}},"loc":{"start":{"line":14,"column":26},"end":{"line":17,"column":2}},"line":14}},"branchMap":{},"s":{"0":3,"1":3,"2":3,"3":3,"4":3},"f":{"0":3,"1":3},"b":{},"_coverageSchema":"1a1c01bbd47fc00a2c39e90264f33305004495a9","hash":"f1493cbd8a865b96d43d46313a7633a6404a26e1"}
,"/home/raphael/Cursos/node/contactManagement/src/api/models/index.js": {"path":"/home/raphael/Cursos/node/contactManagement/src/api/models/index.js","statementMap":{"0":{"start":{"line":1,"column":18},"end":{"line":1,"column":38}},"1":{"start":{"line":2,"column":17},"end":{"line":2,"column":49}},"2":{"start":{"line":4,"column":16},"end":{"line":4,"column":36}},"3":{"start":{"line":5,"column":13},"end":{"line":5,"column":30}},"4":{"start":{"line":6,"column":16},"end":{"line":6,"column":36}},"5":{"start":{"line":7,"column":16},"end":{"line":7,"column":36}},"6":{"start":{"line":8,"column":17},"end":{"line":8,"column":38}},"7":{"start":{"line":9,"column":15},"end":{"line":9,"column":34}},"8":{"start":{"line":10,"column":14},"end":{"line":10,"column":32}},"9":{"start":{"line":12,"column":18},"end":{"line":12,"column":41}},"10":{"start":{"line":14,"column":0},"end":{"line":14,"column":24}},"11":{"start":{"line":15,"column":0},"end":{"line":15,"column":21}},"12":{"start":{"line":16,"column":0},"end":{"line":16,"column":24}},"13":{"start":{"line":17,"column":0},"end":{"line":17,"column":24}},"14":{"start":{"line":18,"column":0},"end":{"line":18,"column":25}},"15":{"start":{"line":19,"column":0},"end":{"line":19,"column":23}},"16":{"start":{"line":20,"column":0},"end":{"line":20,"column":22}},"17":{"start":{"line":22,"column":0},"end":{"line":22,"column":36}},"18":{"start":{"line":23,"column":0},"end":{"line":23,"column":33}},"19":{"start":{"line":24,"column":0},"end":{"line":24,"column":36}},"20":{"start":{"line":25,"column":0},"end":{"line":25,"column":36}},"21":{"start":{"line":26,"column":0},"end":{"line":26,"column":37}},"22":{"start":{"line":27,"column":0},"end":{"line":27,"column":35}},"23":{"start":{"line":28,"column":0},"end":{"line":28,"column":34}},"24":{"start":{"line":30,"column":0},"end":{"line":30,"column":27}}},"fnMap":{},"branchMap":{},"s":{"0":3,"1":3,"2":3,"3":3,"4":3,"5":3,"6":3,"7":3,"8":3,"9":3,"10":3,"11":3,"12":3,"13":3,"14":3,"15":3,"16":3,"17":3,"18":3,"19":3,"20":3,"21":3,"22":3,"23":3,"24":3},"f":{},"b":{},"_coverageSchema":"1a1c01bbd47fc00a2c39e90264f33305004495a9","hash":"fec6120e5bfb65b0aac68da72e24a2ebe4bb36a5"}
,"/home/raphael/Cursos/node/contactManagement/src/config/database.js": {"path":"/home/raphael/Cursos/node/contactManagement/src/config/database.js","statementMap":{"0":{"start":{"line":1,"column":0},"end":{"line":3,"column":2}},"1":{"start":{"line":5,"column":0},"end":{"line":26,"column":2}}},"fnMap":{},"branchMap":{"0":{"loc":{"start":{"line":2,"column":7},"end":{"line":2,"column":61}},"type":"cond-expr","locations":[{"start":{"line":2,"column":41},"end":{"line":2,"column":52}},{"start":{"line":2,"column":55},"end":{"line":2,"column":61}}],"line":2},"1":{"loc":{"start":{"line":6,"column":10},"end":{"line":6,"column":46}},"type":"binary-expr","locations":[{"start":{"line":6,"column":10},"end":{"line":6,"column":32}},{"start":{"line":6,"column":36},"end":{"line":6,"column":46}}],"line":6}},"s":{"0":3,"1":3},"f":{},"b":{"0":[3,0],"1":[3,0]},"_coverageSchema":"1a1c01bbd47fc00a2c39e90264f33305004495a9","hash":"9887f671bf3f21b1662b272d4831ea00577df08d"}
}
