{"/home/raphael/Cursos/node/contactManagement/src/api.js": {"path":"/home/raphael/Cursos/node/contactManagement/src/api.js","statementMap":{"0":{"start":{"line":1,"column":16},"end":{"line":1,"column":34}},"1":{"start":{"line":2,"column":19},"end":{"line":2,"column":41}},"2":{"start":{"line":3,"column":13},"end":{"line":3,"column":28}},"3":{"start":{"line":4,"column":0},"end":{"line":4,"column":23}},"4":{"start":{"line":6,"column":0},"end":{"line":8,"column":2}},"5":{"start":{"line":12,"column":2},"end":{"line":12,"column":27}},"6":{"start":{"line":14,"column":2},"end":{"line":14,"column":21}},"7":{"start":{"line":15,"column":2},"end":{"line":15,"column":16}},"8":{"start":{"line":19,"column":20},"end":{"line":21,"column":3}},"9":{"start":{"line":23,"column":2},"end":{"line":23,"column":38}},"10":{"start":{"line":24,"column":2},"end":{"line":24,"column":38}},"11":{"start":{"line":25,"column":2},"end":{"line":25,"column":62}},"12":{"start":{"line":29,"column":2},"end":{"line":29,"column":40}},"13":{"start":{"line":33,"column":0},"end":{"line":33,"column":45}}},"fnMap":{"0":{"name":"(anonymous_0)","decl":{"start":{"line":11,"column":1},"end":{"line":11,"column":2}},"loc":{"start":{"line":11,"column":15},"end":{"line":16,"column":2}},"line":11},"1":{"name":"(anonymous_1)","decl":{"start":{"line":18,"column":1},"end":{"line":18,"column":2}},"loc":{"start":{"line":18,"column":15},"end":{"line":26,"column":2}},"line":18},"2":{"name":"(anonymous_2)","decl":{"start":{"line":28,"column":1},"end":{"line":28,"column":2}},"loc":{"start":{"line":28,"column":10},"end":{"line":30,"column":2}},"line":28}},"branchMap":{"0":{"loc":{"start":{"line":7,"column":7},"end":{"line":7,"column":61}},"type":"cond-expr","locations":[{"start":{"line":7,"column":41},"end":{"line":7,"column":52}},{"start":{"line":7,"column":55},"end":{"line":7,"column":61}}],"line":7}},"s":{"0":0,"1":0,"2":0,"3":0,"4":0,"5":0,"6":0,"7":0,"8":0,"9":0,"10":0,"11":0,"12":0,"13":0},"f":{"0":0,"1":0,"2":0},"b":{"0":[0,0]}}
,"/home/raphael/Cursos/node/contactManagement/src/routes.js": {"path":"/home/raphael/Cursos/node/contactManagement/src/routes.js","statementMap":{"0":{"start":{"line":1,"column":15},"end":{"line":1,"column":42}},"1":{"start":{"line":3,"column":26},"end":{"line":3,"column":72}},"2":{"start":{"line":4,"column":24},"end":{"line":4,"column":68}},"3":{"start":{"line":5,"column":23},"end":{"line":5,"column":66}},"4":{"start":{"line":7,"column":0},"end":{"line":7,"column":50}},"5":{"start":{"line":8,"column":0},"end":{"line":8,"column":51}},"6":{"start":{"line":9,"column":0},"end":{"line":9,"column":59}},"7":{"start":{"line":11,"column":0},"end":{"line":11,"column":46}},"8":{"start":{"line":12,"column":0},"end":{"line":12,"column":46}},"9":{"start":{"line":13,"column":0},"end":{"line":13,"column":55}},"10":{"start":{"line":14,"column":0},"end":{"line":14,"column":71}},"11":{"start":{"line":16,"column":0},"end":{"line":16,"column":44}},"12":{"start":{"line":17,"column":0},"end":{"line":17,"column":45}},"13":{"start":{"line":18,"column":0},"end":{"line":18,"column":53}},"14":{"start":{"line":19,"column":0},"end":{"line":19,"column":66}},"15":{"start":{"line":21,"column":0},"end":{"line":21,"column":24}}},"fnMap":{},"branchMap":{},"s":{"0":0,"1":0,"2":0,"3":0,"4":0,"5":0,"6":0,"7":0,"8":0,"9":0,"10":0,"11":0,"12":0,"13":0,"14":0,"15":0},"f":{},"b":{}}
,"/home/raphael/Cursos/node/contactManagement/src/server.js": {"path":"/home/raphael/Cursos/node/contactManagement/src/server.js","statementMap":{"0":{"start":{"line":1,"column":12},"end":{"line":1,"column":28}},"1":{"start":{"line":3,"column":13},"end":{"line":3,"column":37}},"2":{"start":{"line":4,"column":0},"end":{"line":4,"column":74}},"3":{"start":{"line":4,"column":23},"end":{"line":4,"column":72}}},"fnMap":{"0":{"name":"(anonymous_0)","decl":{"start":{"line":4,"column":17},"end":{"line":4,"column":18}},"loc":{"start":{"line":4,"column":23},"end":{"line":4,"column":72}},"line":4}},"branchMap":{"0":{"loc":{"start":{"line":3,"column":13},"end":{"line":3,"column":37}},"type":"binary-expr","locations":[{"start":{"line":3,"column":13},"end":{"line":3,"column":29}},{"start":{"line":3,"column":33},"end":{"line":3,"column":37}}],"line":3}},"s":{"0":0,"1":0,"2":0,"3":0},"f":{"0":0},"b":{"0":[0,0]}}
,"/home/raphael/Cursos/node/contactManagement/src/api/controllers/CityController.js": {"path":"/home/raphael/Cursos/node/contactManagement/src/api/controllers/CityController.js","statementMap":{"0":{"start":{"line":1,"column":13},"end":{"line":1,"column":38}},"1":{"start":{"line":2,"column":14},"end":{"line":2,"column":40}},"2":{"start":{"line":6,"column":15},"end":{"line":6,"column":42}},"3":{"start":{"line":8,"column":2},"end":{"line":8,"column":24}},"4":{"start":{"line":12,"column":17},"end":{"line":12,"column":65}},"5":{"start":{"line":14,"column":2},"end":{"line":14,"column":26}},"6":{"start":{"line":18,"column":22},"end":{"line":18,"column":32}},"7":{"start":{"line":20,"column":16},"end":{"line":23,"column":4}},"8":{"start":{"line":25,"column":2},"end":{"line":25,"column":37}},"9":{"start":{"line":29,"column":19},"end":{"line":29,"column":29}},"10":{"start":{"line":30,"column":15},"end":{"line":30,"column":60}},"11":{"start":{"line":32,"column":2},"end":{"line":32,"column":24}},"12":{"start":{"line":36,"column":0},"end":{"line":36,"column":38}}},"fnMap":{"0":{"name":"(anonymous_0)","decl":{"start":{"line":5,"column":1},"end":{"line":5,"column":2}},"loc":{"start":{"line":5,"column":24},"end":{"line":9,"column":2}},"line":5},"1":{"name":"(anonymous_1)","decl":{"start":{"line":11,"column":1},"end":{"line":11,"column":2}},"loc":{"start":{"line":11,"column":24},"end":{"line":15,"column":2}},"line":11},"2":{"name":"(anonymous_2)","decl":{"start":{"line":17,"column":1},"end":{"line":17,"column":2}},"loc":{"start":{"line":17,"column":36},"end":{"line":26,"column":2}},"line":17},"3":{"name":"(anonymous_3)","decl":{"start":{"line":28,"column":1},"end":{"line":28,"column":2}},"loc":{"start":{"line":28,"column":28},"end":{"line":33,"column":2}},"line":28}},"branchMap":{},"s":{"0":0,"1":0,"2":0,"3":0,"4":0,"5":0,"6":0,"7":0,"8":0,"9":0,"10":0,"11":0,"12":0},"f":{"0":0,"1":0,"2":0,"3":0},"b":{}}
,"/home/raphael/Cursos/node/contactManagement/src/api/controllers/CountryController.js": {"path":"/home/raphael/Cursos/node/contactManagement/src/api/controllers/CountryController.js","statementMap":{"0":{"start":{"line":1,"column":16},"end":{"line":1,"column":44}},"1":{"start":{"line":5,"column":18},"end":{"line":5,"column":48}},"2":{"start":{"line":7,"column":2},"end":{"line":7,"column":27}},"3":{"start":{"line":11,"column":20},"end":{"line":11,"column":71}},"4":{"start":{"line":13,"column":2},"end":{"line":13,"column":29}},"5":{"start":{"line":17,"column":19},"end":{"line":17,"column":29}},"6":{"start":{"line":18,"column":18},"end":{"line":18,"column":66}},"7":{"start":{"line":20,"column":2},"end":{"line":20,"column":27}},"8":{"start":{"line":24,"column":0},"end":{"line":24,"column":41}}},"fnMap":{"0":{"name":"(anonymous_0)","decl":{"start":{"line":4,"column":1},"end":{"line":4,"column":2}},"loc":{"start":{"line":4,"column":24},"end":{"line":8,"column":2}},"line":4},"1":{"name":"(anonymous_1)","decl":{"start":{"line":10,"column":1},"end":{"line":10,"column":2}},"loc":{"start":{"line":10,"column":24},"end":{"line":14,"column":2}},"line":10},"2":{"name":"(anonymous_2)","decl":{"start":{"line":16,"column":1},"end":{"line":16,"column":2}},"loc":{"start":{"line":16,"column":28},"end":{"line":21,"column":2}},"line":16}},"branchMap":{},"s":{"0":0,"1":0,"2":0,"3":0,"4":0,"5":0,"6":0,"7":0,"8":0},"f":{"0":0,"1":0,"2":0},"b":{}}
,"/home/raphael/Cursos/node/contactManagement/src/api/controllers/StateController.js": {"path":"/home/raphael/Cursos/node/contactManagement/src/api/controllers/StateController.js","statementMap":{"0":{"start":{"line":1,"column":14},"end":{"line":1,"column":40}},"1":{"start":{"line":2,"column":16},"end":{"line":2,"column":44}},"2":{"start":{"line":6,"column":16},"end":{"line":6,"column":44}},"3":{"start":{"line":8,"column":2},"end":{"line":8,"column":25}},"4":{"start":{"line":12,"column":17},"end":{"line":12,"column":66}},"5":{"start":{"line":14,"column":2},"end":{"line":14,"column":26}},"6":{"start":{"line":18,"column":24},"end":{"line":18,"column":34}},"7":{"start":{"line":20,"column":18},"end":{"line":23,"column":4}},"8":{"start":{"line":25,"column":2},"end":{"line":25,"column":41}},"9":{"start":{"line":29,"column":19},"end":{"line":29,"column":29}},"10":{"start":{"line":30,"column":16},"end":{"line":30,"column":62}},"11":{"start":{"line":32,"column":2},"end":{"line":32,"column":25}},"12":{"start":{"line":36,"column":0},"end":{"line":36,"column":39}}},"fnMap":{"0":{"name":"(anonymous_0)","decl":{"start":{"line":5,"column":1},"end":{"line":5,"column":2}},"loc":{"start":{"line":5,"column":24},"end":{"line":9,"column":2}},"line":5},"1":{"name":"(anonymous_1)","decl":{"start":{"line":11,"column":1},"end":{"line":11,"column":2}},"loc":{"start":{"line":11,"column":24},"end":{"line":15,"column":2}},"line":11},"2":{"name":"(anonymous_2)","decl":{"start":{"line":17,"column":1},"end":{"line":17,"column":2}},"loc":{"start":{"line":17,"column":38},"end":{"line":26,"column":2}},"line":17},"3":{"name":"(anonymous_3)","decl":{"start":{"line":28,"column":1},"end":{"line":28,"column":2}},"loc":{"start":{"line":28,"column":28},"end":{"line":33,"column":2}},"line":28}},"branchMap":{},"s":{"0":0,"1":0,"2":0,"3":0,"4":0,"5":0,"6":0,"7":0,"8":0,"9":0,"10":0,"11":0,"12":0},"f":{"0":0,"1":0,"2":0,"3":0},"b":{}}
,"/home/raphael/Cursos/node/contactManagement/src/api/models/City.js": {"path":"/home/raphael/Cursos/node/contactManagement/src/api/models/City.js","statementMap":{"0":{"start":{"line":1,"column":29},"end":{"line":1,"column":49}},"1":{"start":{"line":5,"column":2},"end":{"line":11,"column":5}},"2":{"start":{"line":15,"column":2},"end":{"line":15,"column":75}},"3":{"start":{"line":16,"column":2},"end":{"line":16,"column":78}},"4":{"start":{"line":20,"column":0},"end":{"line":20,"column":22}}},"fnMap":{"0":{"name":"(anonymous_0)","decl":{"start":{"line":4,"column":1},"end":{"line":4,"column":2}},"loc":{"start":{"line":4,"column":24},"end":{"line":12,"column":2}},"line":4},"1":{"name":"(anonymous_1)","decl":{"start":{"line":14,"column":1},"end":{"line":14,"column":2}},"loc":{"start":{"line":14,"column":26},"end":{"line":17,"column":2}},"line":14}},"branchMap":{},"s":{"0":0,"1":0,"2":0,"3":0,"4":0},"f":{"0":0,"1":0},"b":{}}
,"/home/raphael/Cursos/node/contactManagement/src/api/models/Country.js": {"path":"/home/raphael/Cursos/node/contactManagement/src/api/models/Country.js","statementMap":{"0":{"start":{"line":1,"column":29},"end":{"line":1,"column":49}},"1":{"start":{"line":5,"column":2},"end":{"line":11,"column":5}},"2":{"start":{"line":15,"column":2},"end":{"line":15,"column":79}},"3":{"start":{"line":19,"column":0},"end":{"line":19,"column":25}}},"fnMap":{"0":{"name":"(anonymous_0)","decl":{"start":{"line":4,"column":1},"end":{"line":4,"column":2}},"loc":{"start":{"line":4,"column":24},"end":{"line":12,"column":2}},"line":4},"1":{"name":"(anonymous_1)","decl":{"start":{"line":14,"column":1},"end":{"line":14,"column":2}},"loc":{"start":{"line":14,"column":26},"end":{"line":16,"column":2}},"line":14}},"branchMap":{},"s":{"0":0,"1":0,"2":0,"3":0},"f":{"0":0,"1":0},"b":{}}
,"/home/raphael/Cursos/node/contactManagement/src/api/models/State.js": {"path":"/home/raphael/Cursos/node/contactManagement/src/api/models/State.js","statementMap":{"0":{"start":{"line":1,"column":29},"end":{"line":1,"column":49}},"1":{"start":{"line":5,"column":2},"end":{"line":11,"column":5}},"2":{"start":{"line":15,"column":2},"end":{"line":15,"column":82}},"3":{"start":{"line":16,"column":2},"end":{"line":16,"column":74}},"4":{"start":{"line":20,"column":0},"end":{"line":20,"column":23}}},"fnMap":{"0":{"name":"(anonymous_0)","decl":{"start":{"line":4,"column":1},"end":{"line":4,"column":2}},"loc":{"start":{"line":4,"column":24},"end":{"line":12,"column":2}},"line":4},"1":{"name":"(anonymous_1)","decl":{"start":{"line":14,"column":1},"end":{"line":14,"column":2}},"loc":{"start":{"line":14,"column":26},"end":{"line":17,"column":2}},"line":14}},"branchMap":{},"s":{"0":0,"1":0,"2":0,"3":0,"4":0},"f":{"0":0,"1":0},"b":{}}
,"/home/raphael/Cursos/node/contactManagement/src/api/models/index.js": {"path":"/home/raphael/Cursos/node/contactManagement/src/api/models/index.js","statementMap":{"0":{"start":{"line":1,"column":18},"end":{"line":1,"column":38}},"1":{"start":{"line":2,"column":17},"end":{"line":2,"column":49}},"2":{"start":{"line":4,"column":16},"end":{"line":4,"column":36}},"3":{"start":{"line":5,"column":14},"end":{"line":5,"column":32}},"4":{"start":{"line":6,"column":13},"end":{"line":6,"column":30}},"5":{"start":{"line":8,"column":18},"end":{"line":8,"column":41}},"6":{"start":{"line":10,"column":0},"end":{"line":10,"column":24}},"7":{"start":{"line":11,"column":0},"end":{"line":11,"column":22}},"8":{"start":{"line":12,"column":0},"end":{"line":12,"column":21}},"9":{"start":{"line":14,"column":0},"end":{"line":14,"column":36}},"10":{"start":{"line":15,"column":0},"end":{"line":15,"column":34}},"11":{"start":{"line":16,"column":0},"end":{"line":16,"column":33}},"12":{"start":{"line":18,"column":0},"end":{"line":18,"column":27}}},"fnMap":{},"branchMap":{},"s":{"0":0,"1":0,"2":0,"3":0,"4":0,"5":0,"6":0,"7":0,"8":0,"9":0,"10":0,"11":0,"12":0},"f":{},"b":{}}
,"/home/raphael/Cursos/node/contactManagement/src/config/database.js": {"path":"/home/raphael/Cursos/node/contactManagement/src/config/database.js","statementMap":{"0":{"start":{"line":1,"column":0},"end":{"line":3,"column":2}},"1":{"start":{"line":5,"column":0},"end":{"line":26,"column":2}}},"fnMap":{},"branchMap":{"0":{"loc":{"start":{"line":2,"column":7},"end":{"line":2,"column":61}},"type":"cond-expr","locations":[{"start":{"line":2,"column":41},"end":{"line":2,"column":52}},{"start":{"line":2,"column":55},"end":{"line":2,"column":61}}],"line":2},"1":{"loc":{"start":{"line":6,"column":10},"end":{"line":6,"column":46}},"type":"binary-expr","locations":[{"start":{"line":6,"column":10},"end":{"line":6,"column":32}},{"start":{"line":6,"column":36},"end":{"line":6,"column":46}}],"line":6}},"s":{"0":0,"1":0},"f":{},"b":{"0":[0,0],"1":[0,0]}}
}
